android/app/build/intermediates/manifest_merge_blame_file/debug/manifest-merger-blame-debug-report.txt
1<?xml version="1.0" encoding="utf-8"?>
2<manifest xmlns:android="http://schemas.android.com/apk/res/android"
3    package="com.yazlab3"
4    android:versionCode="1"
5    android:versionName="1.0" >
6
7    <uses-sdk
8        android:minSdkVersion="21"
9        android:targetSdkVersion="29" />
10
11    <uses-permission android:name="android.permission.SYSTEM_ALERT_WINDOW" />
11-->src\debug\AndroidManifest.xml:5:5-77
11-->src\debug\AndroidManifest.xml:5:22-75
12    <uses-permission android:name="android.permission.INTERNET" />
12-->src\main\AndroidManifest.xml:4:5-67
12-->src\main\AndroidManifest.xml:4:22-64
13    <uses-permission android:name="android.permission.ACCESS_WIFI_STATE" />
13-->[com.facebook.flipper:flipper:0.54.0] AndroidManifest.xml:16:5-76
13-->[com.facebook.flipper:flipper:0.54.0] AndroidManifest.xml:16:22-73
14    <uses-permission android:name="android.permission.WAKE_LOCK" />
14-->[:react-native-firebase_storage] AndroidManifest.xml:12:5-68
14-->[:react-native-firebase_storage] AndroidManifest.xml:12:22-65
15    <uses-permission android:name="android.permission.ACCESS_NETWORK_STATE" /> <!-- TODO(salakar) Not sure if this should be part of the package manifest or leave to users app manifest code? -->
15-->[:react-native-firebase_storage] AndroidManifest.xml:13:5-79
15-->[:react-native-firebase_storage] AndroidManifest.xml:13:22-76
16    <uses-permission android:name="android.permission.READ_EXTERNAL_STORAGE" />
16-->[:react-native-firebase_storage] AndroidManifest.xml:15:5-80
16-->[:react-native-firebase_storage] AndroidManifest.xml:15:22-77
17    <uses-permission android:name="android.permission.WRITE_EXTERNAL_STORAGE" />
17-->[:react-native-firebase_storage] AndroidManifest.xml:16:5-81
17-->[:react-native-firebase_storage] AndroidManifest.xml:16:22-78
18
19    <application
19-->src\main\AndroidManifest.xml:6:5-25:19
20        android:name="com.yazlab3.MainApplication"
20-->src\main\AndroidManifest.xml:7:7-38
21        android:allowBackup="false"
21-->src\main\AndroidManifest.xml:11:7-34
22        android:appComponentFactory="androidx.core.app.CoreComponentFactory"
22-->[androidx.core:core:1.3.1] AndroidManifest.xml:24:18-86
23        android:debuggable="true"
24        android:icon="@mipmap/ic_launcher"
24-->src\main\AndroidManifest.xml:9:7-41
25        android:label="@string/app_name"
25-->src\main\AndroidManifest.xml:8:7-39
26        android:roundIcon="@mipmap/ic_launcher_round"
26-->src\main\AndroidManifest.xml:10:7-52
27        android:theme="@style/AppTheme"
27-->src\main\AndroidManifest.xml:12:7-38
28        android:usesCleartextTraffic="true" >
28-->src\debug\AndroidManifest.xml:7:18-53
29        <activity
29-->src\main\AndroidManifest.xml:13:7-23:18
30            android:name="com.yazlab3.MainActivity"
30-->src\main\AndroidManifest.xml:14:9-37
31            android:configChanges="keyboard|keyboardHidden|orientation|screenSize|uiMode"
31-->src\main\AndroidManifest.xml:16:9-86
32            android:label="@string/app_name"
32-->src\main\AndroidManifest.xml:15:9-41
33            android:launchMode="singleTask"
33-->src\main\AndroidManifest.xml:17:9-40
34            android:windowSoftInputMode="adjustResize" >
34-->src\main\AndroidManifest.xml:18:9-51
35            <intent-filter>
35-->src\main\AndroidManifest.xml:19:9-22:25
36                <action android:name="android.intent.action.MAIN" />
36-->src\main\AndroidManifest.xml:20:13-65
36-->src\main\AndroidManifest.xml:20:21-62
37
38                <category android:name="android.intent.category.LAUNCHER" />
38-->src\main\AndroidManifest.xml:21:13-73
38-->src\main\AndroidManifest.xml:21:23-70
39            </intent-filter>
40        </activity>
41        <activity android:name="com.facebook.react.devsupport.DevSettingsActivity" />
41-->src\main\AndroidManifest.xml:24:7-84
41-->src\main\AndroidManifest.xml:24:17-81
42
43        <provider
43-->[:react-native-image-picker] AndroidManifest.xml:12:9-20:20
44            android:name="com.imagepicker.ImagePickerProvider"
44-->[:react-native-image-picker] AndroidManifest.xml:13:13-63
45            android:authorities="com.yazlab3.imagepickerprovider"
45-->[:react-native-image-picker] AndroidManifest.xml:14:13-71
46            android:exported="false"
46-->[:react-native-image-picker] AndroidManifest.xml:15:13-37
47            android:grantUriPermissions="true" >
47-->[:react-native-image-picker] AndroidManifest.xml:16:13-47
48            <meta-data
48-->[:react-native-image-picker] AndroidManifest.xml:17:13-19:70
49                android:name="android.support.FILE_PROVIDER_PATHS"
49-->[:react-native-image-picker] AndroidManifest.xml:18:17-67
50                android:resource="@xml/imagepicker_provider_paths" />
50-->[:react-native-image-picker] AndroidManifest.xml:19:17-67
51        </provider>
52
53        <activity
53-->[com.google.android.gms:play-services-auth:19.0.0] AndroidManifest.xml:23:9-27:75
54            android:name="com.google.android.gms.auth.api.signin.internal.SignInHubActivity"
54-->[com.google.android.gms:play-services-auth:19.0.0] AndroidManifest.xml:24:13-93
55            android:excludeFromRecents="true"
55-->[com.google.android.gms:play-services-auth:19.0.0] AndroidManifest.xml:25:13-46
56            android:exported="false"
56-->[com.google.android.gms:play-services-auth:19.0.0] AndroidManifest.xml:26:13-37
57            android:theme="@android:style/Theme.Translucent.NoTitleBar" />
57-->[com.google.android.gms:play-services-auth:19.0.0] AndroidManifest.xml:27:13-72
58        <!--
59            Service handling Google Sign-In user revocation. For apps that do not integrate with
60            Google Sign-In, this service will never be started.
61        -->
62        <service
62-->[com.google.android.gms:play-services-auth:19.0.0] AndroidManifest.xml:33:9-37:51
63            android:name="com.google.android.gms.auth.api.signin.RevocationBoundService"
63-->[com.google.android.gms:play-services-auth:19.0.0] AndroidManifest.xml:34:13-89
64            android:exported="true"
64-->[com.google.android.gms:play-services-auth:19.0.0] AndroidManifest.xml:35:13-36
65            android:permission="com.google.android.gms.auth.api.signin.permission.REVOCATION_NOTIFICATION"
65-->[com.google.android.gms:play-services-auth:19.0.0] AndroidManifest.xml:36:13-107
66            android:visibleToInstantApps="true" />
66-->[com.google.android.gms:play-services-auth:19.0.0] AndroidManifest.xml:37:13-48
67        <service
67-->[com.google.firebase:firebase-storage:19.2.1] AndroidManifest.xml:30:9-36:19
68            android:name="com.google.firebase.components.ComponentDiscoveryService"
68-->[com.google.firebase:firebase-storage:19.2.1] AndroidManifest.xml:31:13-84
69            android:directBootAware="true"
69-->[com.google.firebase:firebase-common:19.5.0] AndroidManifest.xml:35:13-43
70            android:exported="false" >
70-->[com.google.firebase:firebase-storage:19.2.1] AndroidManifest.xml:32:13-37
71            <meta-data
71-->[com.google.firebase:firebase-storage:19.2.1] AndroidManifest.xml:33:13-35:85
72                android:name="com.google.firebase.components:com.google.firebase.storage.StorageRegistrar"
72-->[com.google.firebase:firebase-storage:19.2.1] AndroidManifest.xml:34:17-107
73                android:value="com.google.firebase.components.ComponentRegistrar" />
73-->[com.google.firebase:firebase-storage:19.2.1] AndroidManifest.xml:35:17-82
74            <!--
75                This registrar is not defined in the dynamic-module-support sdk itself to allow non-firebase
76                clients to use it as well, by defining this registrar in their own core/common library.
77            -->
78            <meta-data
78-->[com.google.firebase:firebase-common:19.5.0] AndroidManifest.xml:43:13-45:85
79                android:name="com.google.firebase.components:com.google.firebase.dynamicloading.DynamicLoadingRegistrar"
79-->[com.google.firebase:firebase-common:19.5.0] AndroidManifest.xml:44:17-121
80                android:value="com.google.firebase.components.ComponentRegistrar" />
80-->[com.google.firebase:firebase-common:19.5.0] AndroidManifest.xml:45:17-82
81        </service>
82
83        <activity
83-->[com.google.android.gms:play-services-base:17.1.0] AndroidManifest.xml:23:9-26:75
84            android:name="com.google.android.gms.common.api.GoogleApiActivity"
84-->[com.google.android.gms:play-services-base:17.1.0] AndroidManifest.xml:24:13-79
85            android:exported="false"
85-->[com.google.android.gms:play-services-base:17.1.0] AndroidManifest.xml:25:13-37
86            android:theme="@android:style/Theme.Translucent.NoTitleBar" />
86-->[com.google.android.gms:play-services-base:17.1.0] AndroidManifest.xml:26:13-72
87
88        <provider
88-->[com.google.firebase:firebase-common:19.5.0] AndroidManifest.xml:26:9-31:39
89            android:name="com.google.firebase.provider.FirebaseInitProvider"
89-->[com.google.firebase:firebase-common:19.5.0] AndroidManifest.xml:27:13-77
90            android:authorities="com.yazlab3.firebaseinitprovider"
90-->[com.google.firebase:firebase-common:19.5.0] AndroidManifest.xml:28:13-72
91            android:directBootAware="true"
91-->[com.google.firebase:firebase-common:19.5.0] AndroidManifest.xml:29:13-43
92            android:exported="false"
92-->[com.google.firebase:firebase-common:19.5.0] AndroidManifest.xml:30:13-37
93            android:initOrder="100" />
93-->[com.google.firebase:firebase-common:19.5.0] AndroidManifest.xml:31:13-36
94
95        <meta-data
95-->[com.google.android.gms:play-services-basement:17.1.1] AndroidManifest.xml:23:9-25:69
96            android:name="com.google.android.gms.version"
96-->[com.google.android.gms:play-services-basement:17.1.1] AndroidManifest.xml:24:13-58
97            android:value="@integer/google_play_services_version" />
97-->[com.google.android.gms:play-services-basement:17.1.1] AndroidManifest.xml:25:13-66
98    </application>
99
100</manifest>